15-Mar-2024 12:47:07.768 INFO [main] org.apache.catalina.startup.VersionLoggerListener.log Server version name:   Apache Tomcat/10.1.19
15-Mar-2024 12:47:07.772 INFO [main] org.apache.catalina.startup.VersionLoggerListener.log Server built:          Feb 14 2024 19:36:50 UTC
15-Mar-2024 12:47:07.772 INFO [main] org.apache.catalina.startup.VersionLoggerListener.log Server version number: 10.1.19.0
15-Mar-2024 12:47:07.772 INFO [main] org.apache.catalina.startup.VersionLoggerListener.log OS Name:               Linux
15-Mar-2024 12:47:07.772 INFO [main] org.apache.catalina.startup.VersionLoggerListener.log OS Version:            6.5.0-21-generic
15-Mar-2024 12:47:07.772 INFO [main] org.apache.catalina.startup.VersionLoggerListener.log Architecture:          amd64
15-Mar-2024 12:47:07.772 INFO [main] org.apache.catalina.startup.VersionLoggerListener.log Java Home:             /home/vladik/.jdks/graalvm-jdk-17.0.10
15-Mar-2024 12:47:07.772 INFO [main] org.apache.catalina.startup.VersionLoggerListener.log JVM Version:           17.0.10+11-LTS-jvmci-23.0-b27
15-Mar-2024 12:47:07.772 INFO [main] org.apache.catalina.startup.VersionLoggerListener.log JVM Vendor:            Oracle Corporation
15-Mar-2024 12:47:07.772 INFO [main] org.apache.catalina.startup.VersionLoggerListener.log CATALINA_BASE:         /home/vladik/repositories/servlets/servletsbasics/src/main/resources/base
15-Mar-2024 12:47:07.773 INFO [main] org.apache.catalina.startup.VersionLoggerListener.log CATALINA_HOME:         /opt/tomcat
15-Mar-2024 12:47:07.781 INFO [main] org.apache.catalina.startup.VersionLoggerListener.log Command line argument: -XX:ThreadPriorityPolicy=1
15-Mar-2024 12:47:07.782 INFO [main] org.apache.catalina.startup.VersionLoggerListener.log Command line argument: -XX:+UnlockExperimentalVMOptions
15-Mar-2024 12:47:07.782 INFO [main] org.apache.catalina.startup.VersionLoggerListener.log Command line argument: -XX:+EnableJVMCIProduct
15-Mar-2024 12:47:07.782 INFO [main] org.apache.catalina.startup.VersionLoggerListener.log Command line argument: -XX:-UnlockExperimentalVMOptions
15-Mar-2024 12:47:07.782 INFO [main] org.apache.catalina.startup.VersionLoggerListener.log Command line argument: --add-opens=java.base/java.lang=ALL-UNNAMED
15-Mar-2024 12:47:07.782 INFO [main] org.apache.catalina.startup.VersionLoggerListener.log Command line argument: --add-opens=java.base/java.io=ALL-UNNAMED
15-Mar-2024 12:47:07.782 INFO [main] org.apache.catalina.startup.VersionLoggerListener.log Command line argument: --add-opens=java.base/java.util=ALL-UNNAMED
15-Mar-2024 12:47:07.782 INFO [main] org.apache.catalina.startup.VersionLoggerListener.log Command line argument: --add-opens=java.base/java.util.concurrent=ALL-UNNAMED
15-Mar-2024 12:47:07.782 INFO [main] org.apache.catalina.startup.VersionLoggerListener.log Command line argument: --add-opens=java.rmi/sun.rmi.transport=ALL-UNNAMED
15-Mar-2024 12:47:07.783 INFO [main] org.apache.catalina.startup.VersionLoggerListener.log Command line argument: -Dcatalina.home=/opt/tomcat
15-Mar-2024 12:47:07.783 INFO [main] org.apache.catalina.startup.VersionLoggerListener.log Command line argument: -Dcatalina.base=/home/vladik/repositories/servlets/servletsbasics/src/main/resources/base
15-Mar-2024 12:47:07.783 INFO [main] org.apache.catalina.startup.VersionLoggerListener.log Command line argument: -Djava.io.tmpdir=/home/vladik/repositories/servlets/servletsbasics/src/main/resources/base/temp
15-Mar-2024 12:47:07.783 INFO [main] org.apache.catalina.startup.VersionLoggerListener.log Command line argument: -Djava.util.logging.config.file=/home/vladik/repositories/servlets/servletsbasics/src/main/resources/base/conf/logging.properties
15-Mar-2024 12:47:07.783 INFO [main] org.apache.catalina.startup.VersionLoggerListener.log Command line argument: -Djava.util.logging.manager=org.apache.juli.ClassLoaderLogManager
15-Mar-2024 12:47:07.783 INFO [main] org.apache.catalina.startup.VersionLoggerListener.log Command line argument: -javaagent:/snap/intellij-idea-ultimate/486/lib/idea_rt.jar=40939:/snap/intellij-idea-ultimate/486/bin
15-Mar-2024 12:47:07.783 INFO [main] org.apache.catalina.startup.VersionLoggerListener.log Command line argument: -Dfile.encoding=UTF-8
15-Mar-2024 12:47:07.784 INFO [main] org.apache.catalina.core.AprLifecycleListener.lifecycleEvent The Apache Tomcat Native library which allows using OpenSSL was not found on the java.library.path: [/usr/java/packages/lib:/usr/lib64:/lib64:/lib:/usr/lib]
15-Mar-2024 12:47:08.021 INFO [main] org.apache.coyote.AbstractProtocol.init Initializing ProtocolHandler ["http-nio-8080"]
15-Mar-2024 12:47:08.039 INFO [main] org.apache.catalina.startup.Catalina.load Server initialization in [441] milliseconds
15-Mar-2024 12:47:08.092 INFO [main] org.apache.catalina.core.StandardService.startInternal Starting service [Catalina]
15-Mar-2024 12:47:08.093 INFO [main] org.apache.catalina.core.StandardEngine.startInternal Starting Servlet engine: [Apache Tomcat/10.1.19]
15-Mar-2024 12:47:08.104 INFO [main] org.apache.catalina.startup.HostConfig.deployDescriptor Deploying deployment descriptor [/home/vladik/repositories/servlets/servletsbasics/src/main/resources/base/conf/Catalina/localhost/servletsbasics.xml]
15-Mar-2024 12:47:08.501 INFO [main] org.apache.jasper.servlet.TldScanner.scanJars At least one JAR was scanned for TLDs yet contained no TLDs. Enable debug logging for this logger for a complete list of JARs that were scanned but no TLDs were found in them. Skipping unneeded JARs during scanning can improve startup time and JSP compilation time.
15-Mar-2024 12:47:08.528 INFO [main] org.apache.catalina.startup.HostConfig.deployDescriptor Deployment of deployment descriptor [/home/vladik/repositories/servlets/servletsbasics/src/main/resources/base/conf/Catalina/localhost/servletsbasics.xml] has finished in [424] ms
15-Mar-2024 12:47:08.532 INFO [main] org.apache.coyote.AbstractProtocol.start Starting ProtocolHandler ["http-nio-8080"]
15-Mar-2024 12:47:08.541 INFO [main] org.apache.catalina.startup.Catalina.start Server startup in [501] milliseconds
15-Mar-2024 12:49:12.206 INFO [Thread-1] org.apache.coyote.AbstractProtocol.pause Pausing ProtocolHandler ["http-nio-8080"]
15-Mar-2024 12:49:12.228 INFO [Thread-1] org.apache.catalina.core.StandardService.stopInternal Stopping service [Catalina]
15-Mar-2024 12:49:12.307 INFO [Thread-1] org.apache.coyote.AbstractProtocol.stop Stopping ProtocolHandler ["http-nio-8080"]
15-Mar-2024 12:49:12.327 INFO [Thread-1] org.apache.coyote.AbstractProtocol.destroy Destroying ProtocolHandler ["http-nio-8080"]
